[Licensing::Module] Trying to connect to existing licensing client channel...
Built from '6000.2/staging' branch; Version is '6000.2.3f1 (c7638eb16d91) revision 13067150'; Using compiler version '194234433'; Build Type 'Release'
[Licensing::IpcConnector] Successfully connected to: "LicenseClient-Roman" at "2025-09-23T22:13:39.700605Z"
OS: 'Windows 10  (10.0.19045) 64bit Core' Language: 'en' Physical Memory: 32697 MB
BatchMode: 1, IsHumanControllingUs: 0, StartBugReporterOnCrash: 0, Is64bit: 1
Date: 2025-09-23T22:13:39Z

COMMAND LINE ARGUMENTS:
D:\Unity\UnityEditors\6000.2.3f1\Editor\Unity.exe
-adb2
-batchMode
-noUpm
-name
AssetImportWorker2
-projectPath
D:/Unity/UnityProjects/RR486/TableTopTanks
-logFile
Logs/AssetImportWorker2.log
-srvPort
1895
-job-worker-count
7
-background-job-worker-count
8
-gc-helper-count
1
-name
AssetImport
Successfully changed project path to: D:/Unity/UnityProjects/RR486/TableTopTanks
D:/Unity/UnityProjects/RR486/TableTopTanks
[UnityMemory] Configuration Parameters - Can be set up in boot.config
    "memorysetup-allocator-temp-initial-block-size-main=262144"
    "memorysetup-allocator-temp-initial-block-size-worker=262144"
    "memorysetup-bucket-allocator-granularity=16"
    "memorysetup-bucket-allocator-bucket-count=8"
    "memorysetup-bucket-allocator-block-size=33554432"
    "memorysetup-bucket-allocator-block-count=8"
    "memorysetup-main-allocator-block-size=16777216"
    "memorysetup-thread-allocator-block-size=16777216"
    "memorysetup-gfx-main-allocator-block-size=16777216"
    "memorysetup-gfx-thread-allocator-block-size=16777216"
    "memorysetup-cache-allocator-block-size=4194304"
    "memorysetup-typetree-allocator-block-size=2097152"
    "memorysetup-profiler-bucket-allocator-granularity=16"
    "memorysetup-profiler-bucket-allocator-bucket-count=8"
    "memorysetup-profiler-bucket-allocator-block-size=33554432"
    "memorysetup-profiler-bucket-allocator-block-count=8"
    "memorysetup-profiler-allocator-block-size=16777216"
    "memorysetup-profiler-editor-allocator-block-size=1048576"
    "memorysetup-temp-allocator-size-main=16777216"
    "memorysetup-job-temp-allocator-block-size=2097152"
    "memorysetup-job-temp-allocator-block-size-background=1048576"
    "memorysetup-job-temp-allocator-reduction-small-platforms=262144"
    "memorysetup-temp-allocator-size-background-worker=32768"
    "memorysetup-temp-allocator-size-job-worker=262144"
    "memorysetup-temp-allocator-size-preload-manager=33554432"
    "memorysetup-temp-allocator-size-nav-mesh-worker=65536"
    "memorysetup-temp-allocator-size-audio-worker=65536"
    "memorysetup-temp-allocator-size-cloud-worker=32768"
    "memorysetup-temp-allocator-size-gi-baking-worker=262144"
    "memorysetup-temp-allocator-size-gi-baking-worker=262144"
    "memorysetup-temp-allocator-size-gi-baking-worker=262144"
    "memorysetup-temp-allocator-size-gi-baking-worker=262144"
    "memorysetup-temp-allocator-size-gi-baking-worker=262144"
    "memorysetup-temp-allocator-size-gfx=262144"
Player connection [20828]  Target information:

Player connection [20828]  * "[IP] 192.168.56.1 [Port] 0 [Flags] 2 [Guid] 2230090694 [EditorId] 2230090694 [Version] 1048832 [Id] WindowsEditor(7,Roman-PC) [Debug] 1 [PackageName] WindowsEditor [ProjectName] Editor" 

Player connection [20828]  * "[IP] 192.168.0.101 [Port] 0 [Flags] 2 [Guid] 2230090694 [EditorId] 2230090694 [Version] 1048832 [Id] WindowsEditor(7,Roman-PC) [Debug] 1 [PackageName] WindowsEditor [ProjectName] Editor" 

Player connection [20828]  * "[IP] 169.254.202.119 [Port] 0 [Flags] 2 [Guid] 2230090694 [EditorId] 2230090694 [Version] 1048832 [Id] WindowsEditor(7,Roman-PC) [Debug] 1 [PackageName] WindowsEditor [ProjectName] Editor" 

Player connection [20828] Host joined multi-casting on [225.0.0.222:54997]...
Player connection [20828] Host joined alternative multi-casting on [225.0.0.222:34997]...
JobSystem: Creating JobQueue using job-worker-count value 7
Input System module state changed to: Initialized.
[Physics::Module] Initialized fallback backend.
[Physics::Module] Id: 0xdecafbad
[Licensing::Client] Code 10 while verifying Licensing Client signature (process Id: 14928, path: "D:/Unity/UnityHub/Unity Hub/UnityLicensingClient_V1/Unity.Licensing.Client.exe")
[Licensing::Module] LicensingClient has failed validation; ignoring
[Licensing::Client] Error: HandshakeResponse reported an error:
	ResponseCode: 505
	ResponseStatus: Unsupported protocol version '1.17.2'.
[Licensing::Module] Error: Failed to handshake to channel: "LicenseClient-Roman"
[Licensing::IpcConnector] LicenseClient-Roman channel disconnected successfully.
[Licensing::IpcConnector] Successfully connected to: "LicenseClient-Roman-6000.2.3" at "2025-09-23T22:13:39.7287589Z"
[Licensing::Client] Code 10 while verifying Licensing Client signature (process Id: 30772, path: "D:/Unity/UnityEditors/6000.2.3f1/Editor/Data/Resources/Licensing/Client/Unity.Licensing.Client.exe")
[Licensing::Module] LicensingClient has failed validation; ignoring
[Licensing::Client] Handshaking with LicensingClient:
  Version:                 1.17.2+ff71f16
  Session Id:              d9d64b4a6b1e4e5998f2535722115e84
  Correlation Id:          e6783139acb2638502c5e7381acd6a8a
  External correlation Id: 162093885137292783
  Machine Id:              WFiFB3zCo+8n3up/YiwLxr0lnOw=
[Licensing::Module] Successfully connected to LicensingClient on channel: "LicenseClient-Roman-6000.2.3" (connect: 0.00s, validation: 0.00s, handshake: 0.01s)
[Licensing::IpcConnector] Successfully connected to: "LicenseClient-Roman-6000.2.3-notifications" at "2025-09-23T22:13:39.7350041Z"
[Licensing::Module] Licensing Background thread has ended after 0.03s
Library Redirect Path: Library/
[Physics::Module] Selected backend.
[Physics::Module] Name: PhysX
[Physics::Module] Id: 0xf2b8ea05
[Physics::Module] SDK Version: 4.1.2
[Physics::Module] Integration Version: 1.0.0
[Physics::Module] Threading Mode: Multi-Threaded
Refreshing native plugins compatible for Editor in 1.86 ms, found 3 plugins.
Preloading 0 native plugins for Editor in 0.00 ms.
Initialize engine version: 6000.2.3f1 (c7638eb16d91)
[Subsystems] Discovering subsystems at path D:/Unity/UnityEditors/6000.2.3f1/Editor/Data/Resources/UnitySubsystems
[Subsystems] Discovering subsystems at path D:/Unity/UnityProjects/RR486/TableTopTanks/Assets
GfxDevice: creating device client; kGfxThreadingModeNonThreaded
d3d12: failed to query info queue interface (0x80004002).
Direct3D:
    Version:         Direct3D 12 [level 12.1]
    Renderer:        NVIDIA GeForce RTX 2070 SUPER (ID=0x1e84)
    Vendor:          NVIDIA
    VRAM:            7989 MB
    App VRAM Budget: 7221 MB
    Driver:          32.0.15.7247
Initialize mono
Mono path[0] = 'D:/Unity/UnityEditors/6000.2.3f1/Editor/Data/Managed'
Mono path[1] = 'D:/Unity/UnityEditors/6000.2.3f1/Editor/Data/MonoBleedingEdge/lib/mono/unityjit-win32'
Mono config path = 'D:/Unity/UnityEditors/6000.2.3f1/Editor/Data/MonoBleedingEdge/etc'
Using monoOptions --debugger-agent=transport=dt_socket,embedding=1,server=y,suspend=n,address=127.0.0.1:56016
Begin MonoManager ReloadAssembly
Registering precompiled unity dll's ...
Register platform support module: D:/Unity/UnityEditors/6000.2.3f1/Editor/Data/PlaybackEngines/WindowsStandaloneSupport/UnityEditor.WindowsStandalone.Extensions.dll
Registered in 0.001015 seconds.
- Loaded All Assemblies, in  0.344 seconds
Native extension for WindowsStandalone target not found
Mono: successfully reloaded assembly
- Finished resetting the current domain, in  0.303 seconds
Domain Reload Profiling: 647ms
	BeginReloadAssembly (112ms)
		ExecutionOrderSort (0ms)
		DisableScriptedObjects (0ms)
		BackupInstance (0ms)
		ReleaseScriptingObjects (0ms)
		CreateAndSetChildDomain (1ms)
	RebuildCommonClasses (36ms)
	RebuildNativeTypeToScriptingClass (13ms)
	initialDomainReloadingComplete (40ms)
	LoadAllAssembliesAndSetupDomain (143ms)
		LoadAssemblies (111ms)
		RebuildTransferFunctionScriptingTraits (0ms)
		AnalyzeDomain (141ms)
			TypeCache.Refresh (139ms)
				TypeCache.ScanAssembly (128ms)
			BuildScriptInfoCaches (0ms)
			ResolveRequiredComponents (0ms)
	FinalizeReload (303ms)
		ReleaseScriptCaches (0ms)
		RebuildScriptCaches (0ms)
		SetupLoadedEditorAssemblies (265ms)
			LogAssemblyErrors (0ms)
			InitializePlatformSupportModulesInManaged (46ms)
			SetLoadedEditorAssemblies (3ms)
			BeforeProcessingInitializeOnLoad (57ms)
			ProcessInitializeOnLoadAttributes (109ms)
			ProcessInitializeOnLoadMethodAttributes (48ms)
			AfterProcessingInitializeOnLoad (0ms)
			EditorAssembliesLoaded (0ms)
		ExecutionOrderSort2 (0ms)
		AwakeInstancesAfterBackupRestoration (0ms)
========================================================================
Worker process is ready to serve import requests
Import Worker Mode flag is 0x00
Begin MonoManager ReloadAssembly
[Licensing::Client] Successfully resolved entitlement details
[Licensing::Module] License group:
  Id: F4-G64Q-XRZH-F4C4-EJPV-XXXX
  Product: Unity Personal
  Type: ULF
  Expiration: Unlimited
[Licensing::Module] License group:
  Id: 3573550043366-UnityPersXXXX
  Product: Unity Personal
  Type: Assigned
  Expiration: Unlimited
- Loaded All Assemblies, in  0.559 seconds
Refreshing native plugins compatible for Editor in 0.60 ms, found 3 plugins.
Native extension for WindowsStandalone target not found
Package Manager log level set to [2]
[Package Manager] Failed to launch server process. Reason: Unity was launched with the -noUpm command-line argument
[Package Manager] Unable to send message (not connected to server process).
[Package Manager] Cannot connect to Unity Package Manager local server
Mono: successfully reloaded assembly
- Finished resetting the current domain, in  0.501 seconds
Domain Reload Profiling: 1060ms
	BeginReloadAssembly (157ms)
		ExecutionOrderSort (0ms)
		DisableScriptedObjects (6ms)
		BackupInstance (0ms)
		ReleaseScriptingObjects (0ms)
		CreateAndSetChildDomain (27ms)
	RebuildCommonClasses (35ms)
	RebuildNativeTypeToScriptingClass (13ms)
	initialDomainReloadingComplete (30ms)
	LoadAllAssembliesAndSetupDomain (324ms)
		LoadAssemblies (229ms)
		RebuildTransferFunctionScriptingTraits (0ms)
		AnalyzeDomain (179ms)
			TypeCache.Refresh (142ms)
				TypeCache.ScanAssembly (132ms)
			BuildScriptInfoCaches (30ms)
			ResolveRequiredComponents (4ms)
	FinalizeReload (501ms)
		ReleaseScriptCaches (0ms)
		RebuildScriptCaches (0ms)
		SetupLoadedEditorAssemblies (403ms)
			LogAssemblyErrors (0ms)
			InitializePlatformSupportModulesInManaged (1ms)
			SetLoadedEditorAssemblies (3ms)
			BeforeProcessingInitializeOnLoad (86ms)
			ProcessInitializeOnLoadAttributes (287ms)
			ProcessInitializeOnLoadMethodAttributes (23ms)
			AfterProcessingInitializeOnLoad (3ms)
			EditorAssembliesLoaded (0ms)
		ExecutionOrderSort2 (0ms)
		AwakeInstancesAfterBackupRestoration (6ms)
Launched and connected shader compiler UnityShaderCompiler.exe after 0.01 seconds
Refreshing native plugins compatible for Editor in 0.65 ms, found 3 plugins.
Preloading 0 native plugins for Editor in 0.00 ms.
Unloading 0 Unused Serialized files (Serialized files now loaded: 0)
Unloading 3826 unused Assets / (0.9 MB). Loaded Objects now: 4315.
Memory consumption went from 83.0 MB to 82.1 MB.
Total: 5.200200 ms (FindLiveObjects: 0.445600 ms CreateObjectMapping: 0.172800 ms MarkObjects: 3.754700 ms  DeleteObjects: 0.826400 ms)

========================================================================
Received Import Request.
  Time since last request: 546926.352490 seconds.
  path: Assets/Scenes/SampleScene.unity
  artifactKey: Guid(9fc0d4010bbf28b4594072e72b8655ab) Importer(815301076,1909f56bfc062723c751e8b465ee728b)
Start importing Assets/Scenes/SampleScene.unity using Guid(9fc0d4010bbf28b4594072e72b8655ab) Importer(815301076,1909f56bfc062723c751e8b465ee728b) (PreviewImporter) -> (artifact id: 'bb10f4fe5855b457c22995e8a92684cf') in 0.0052713 seconds
Number of updated asset objects reloaded before import = 0Number of asset objects unloaded after import = 0

========================================================================
Received Import Request.
  Time since last request: 25.586993 seconds.
  path: Assets/Tanks
  artifactKey: Guid(187fd34a81d5f2549b4e43c48255c454) Importer(815301076,1909f56bfc062723c751e8b465ee728b)
Start importing Assets/Tanks using Guid(187fd34a81d5f2549b4e43c48255c454) Importer(815301076,1909f56bfc062723c751e8b465ee728b) (PreviewImporter) -> (artifact id: 'a6450664f1e3ca9b1fe729d28f359905') in 0.000438 seconds
Number of updated asset objects reloaded before import = 0Number of asset objects unloaded after import = 0

========================================================================
Received Import Request.
  Time since last request: 1.103293 seconds.
  path: Assets/Tanks/Materials
  artifactKey: Guid(0108a6ac46100bb488f82bcc6a901eda) Importer(815301076,1909f56bfc062723c751e8b465ee728b)
Start importing Assets/Tanks/Materials using Guid(0108a6ac46100bb488f82bcc6a901eda) Importer(815301076,1909f56bfc062723c751e8b465ee728b) (PreviewImporter) -> (artifact id: 'a4150208c073e8651571f6b8e5211275') in 0.0004001 seconds
Number of updated asset objects reloaded before import = 0Number of asset objects unloaded after import = 0

========================================================================
Received Import Request.
  Time since last request: 0.048710 seconds.
  path: Assets/Tanks/Materials/Base_1.mat
  artifactKey: Guid(7171f26ce17ea3a4c934d826768ab370) Importer(815301076,1909f56bfc062723c751e8b465ee728b)
Start importing Assets/Tanks/Materials/Base_1.mat using Guid(7171f26ce17ea3a4c934d826768ab370) Importer(815301076,1909f56bfc062723c751e8b465ee728b) (PreviewImporter) -> (artifact id: '294bd842101244896a94743b0190f555') in 0.3599139 seconds
Number of updated asset objects reloaded before import = 0Number of asset objects unloaded after import = 2

========================================================================
Received Import Request.
  Time since last request: 0.000028 seconds.
  path: Assets/Tanks/Materials/Bonus_2.mat
  artifactKey: Guid(b06408f963629f74eaa0c254e144fb91) Importer(815301076,1909f56bfc062723c751e8b465ee728b)
Start importing Assets/Tanks/Materials/Bonus_2.mat using Guid(b06408f963629f74eaa0c254e144fb91) Importer(815301076,1909f56bfc062723c751e8b465ee728b) (PreviewImporter) -> (artifact id: 'a2714faef6153029687c8ac690f505a8') in 0.0181065 seconds
Number of updated asset objects reloaded before import = 0Number of asset objects unloaded after import = 2

========================================================================
Received Import Request.
  Time since last request: 4.173857 seconds.
  path: Assets/Tanks/Textures
  artifactKey: Guid(66635c5cffc370d4c9693e372626b6cd) Importer(815301076,1909f56bfc062723c751e8b465ee728b)
Start importing Assets/Tanks/Textures using Guid(66635c5cffc370d4c9693e372626b6cd) Importer(815301076,1909f56bfc062723c751e8b465ee728b) (PreviewImporter) -> (artifact id: '0bd2f9c3bd2092c269466ee7c1988244') in 0.0005195 seconds
Number of updated asset objects reloaded before import = 0Number of asset objects unloaded after import = 0

========================================================================
Received Import Request.
  Time since last request: 0.050146 seconds.
  path: Assets/Tanks/Textures/Base_1.png
  artifactKey: Guid(103dded07f7f10e45abf1d0c9312ce76) Importer(815301076,1909f56bfc062723c751e8b465ee728b)
Start importing Assets/Tanks/Textures/Base_1.png using Guid(103dded07f7f10e45abf1d0c9312ce76) Importer(815301076,1909f56bfc062723c751e8b465ee728b) (PreviewImporter) -> (artifact id: '842f88326eb312fa3b8827d8e1e24056') in 0.0233087 seconds
Number of updated asset objects reloaded before import = 0Number of asset objects unloaded after import = 2

========================================================================
Received Import Request.
  Time since last request: 0.000023 seconds.
  path: Assets/Tanks/Textures/Bonus_2.png
  artifactKey: Guid(67205ef3a49e8194f8c0e99945e109fb) Importer(815301076,1909f56bfc062723c751e8b465ee728b)
Start importing Assets/Tanks/Textures/Bonus_2.png using Guid(67205ef3a49e8194f8c0e99945e109fb) Importer(815301076,1909f56bfc062723c751e8b465ee728b) (PreviewImporter) -> (artifact id: 'dc179be484c94d71018e25a3f763b55b') in 0.0137272 seconds
Number of updated asset objects reloaded before import = 0Number of asset objects unloaded after import = 2

========================================================================
Received Import Request.
  Time since last request: 2.104666 seconds.
  path: Assets/Tanks/Models
  artifactKey: Guid(5500ff3e3a6796048bc330c96682562c) Importer(815301076,1909f56bfc062723c751e8b465ee728b)
Start importing Assets/Tanks/Models using Guid(5500ff3e3a6796048bc330c96682562c) Importer(815301076,1909f56bfc062723c751e8b465ee728b) (PreviewImporter) -> (artifact id: 'bb24cb9eb3c3bbabac6dd51d3f38824d') in 0.0004301 seconds
Number of updated asset objects reloaded before import = 0Number of asset objects unloaded after import = 0

========================================================================
Received Import Request.
  Time since last request: 0.076210 seconds.
  path: Assets/Tanks/Models/Bomb.fbx
  artifactKey: Guid(b494ee85e5bc3ea4fa9ec79ac511c64f) Importer(815301076,1909f56bfc062723c751e8b465ee728b)
Start importing Assets/Tanks/Models/Bomb.fbx using Guid(b494ee85e5bc3ea4fa9ec79ac511c64f) Importer(815301076,1909f56bfc062723c751e8b465ee728b) (PreviewImporter) -> (artifact id: '3b7489026527e0bb7532d64f77a3ed28') in 0.0625049 seconds
Number of updated asset objects reloaded before import = 0Number of asset objects unloaded after import = 8

========================================================================
Received Import Request.
  Time since last request: 0.000020 seconds.
  path: Assets/Tanks/Models/Wall_5.fbx
  artifactKey: Guid(f5d132a5dae447a4b94ffb3831bbb293) Importer(815301076,1909f56bfc062723c751e8b465ee728b)
Start importing Assets/Tanks/Models/Wall_5.fbx using Guid(f5d132a5dae447a4b94ffb3831bbb293) Importer(815301076,1909f56bfc062723c751e8b465ee728b) (PreviewImporter) -> (artifact id: '28c8e247adbedc266c51e51a014c3e21') in 0.024654 seconds
Number of updated asset objects reloaded before import = 0Number of asset objects unloaded after import = 8

========================================================================
Received Import Request.
  Time since last request: 0.000022 seconds.
  path: Assets/Tanks/Models/Land_2.fbx
  artifactKey: Guid(c3fb96c1efb5de844962dcee0a96c33f) Importer(815301076,1909f56bfc062723c751e8b465ee728b)
Start importing Assets/Tanks/Models/Land_2.fbx using Guid(c3fb96c1efb5de844962dcee0a96c33f) Importer(815301076,1909f56bfc062723c751e8b465ee728b) (PreviewImporter) -> (artifact id: 'f3729b8def68a46c3f2e8789a7869df5') in 0.0276809 seconds
Number of updated asset objects reloaded before import = 0Number of asset objects unloaded after import = 8

========================================================================
Received Import Request.
  Time since last request: 0.000030 seconds.
  path: Assets/Tanks/Models/Lift_3.fbx
  artifactKey: Guid(2168d38411c019b49b34216cd6623ce3) Importer(815301076,1909f56bfc062723c751e8b465ee728b)
Start importing Assets/Tanks/Models/Lift_3.fbx using Guid(2168d38411c019b49b34216cd6623ce3) Importer(815301076,1909f56bfc062723c751e8b465ee728b) (PreviewImporter) -> (artifact id: 'a02f6449d0b8144841c513cf7143292a') in 0.0295782 seconds
Number of updated asset objects reloaded before import = 0Number of asset objects unloaded after import = 8

========================================================================
Received Import Request.
  Time since last request: 0.000031 seconds.
  path: Assets/Tanks/Models/Wall_2.fbx
  artifactKey: Guid(d48c0791e282b5543b916e38d8abd30b) Importer(815301076,1909f56bfc062723c751e8b465ee728b)
Start importing Assets/Tanks/Models/Wall_2.fbx using Guid(d48c0791e282b5543b916e38d8abd30b) Importer(815301076,1909f56bfc062723c751e8b465ee728b) (PreviewImporter) -> (artifact id: 'a85a9577aadc7de79f36fa6244faa054') in 0.0261642 seconds
Number of updated asset objects reloaded before import = 0Number of asset objects unloaded after import = 8

========================================================================
Received Import Request.
  Time since last request: 0.000021 seconds.
  path: Assets/Tanks/Models/Wall_4.fbx
  artifactKey: Guid(97fd5d784442599478ec6c0e1f1f8598) Importer(815301076,1909f56bfc062723c751e8b465ee728b)
Start importing Assets/Tanks/Models/Wall_4.fbx using Guid(97fd5d784442599478ec6c0e1f1f8598) Importer(815301076,1909f56bfc062723c751e8b465ee728b) (PreviewImporter) -> (artifact id: 'ed0f3dffc9311e4a7f9b97bda8b8bca9') in 0.0686322 seconds
Number of updated asset objects reloaded before import = 0Number of asset objects unloaded after import = 8

========================================================================
Received Import Request.
  Time since last request: 0.000022 seconds.
  path: Assets/Tanks/Models/Lift_1.fbx
  artifactKey: Guid(065638c1049b42d46acd9641dc27af1a) Importer(815301076,1909f56bfc062723c751e8b465ee728b)
Start importing Assets/Tanks/Models/Lift_1.fbx using Guid(065638c1049b42d46acd9641dc27af1a) Importer(815301076,1909f56bfc062723c751e8b465ee728b) (PreviewImporter) -> (artifact id: '1dd50b5a9903ac2f74bb8a00f3d866db') in 0.0310141 seconds
Number of updated asset objects reloaded before import = 0Number of asset objects unloaded after import = 8

========================================================================
Received Import Request.
  Time since last request: 0.000027 seconds.
  path: Assets/Tanks/Models/Land_1.fbx
  artifactKey: Guid(19c5dc8cd48f9514d9830a67fe039f5c) Importer(815301076,1909f56bfc062723c751e8b465ee728b)
Start importing Assets/Tanks/Models/Land_1.fbx using Guid(19c5dc8cd48f9514d9830a67fe039f5c) Importer(815301076,1909f56bfc062723c751e8b465ee728b) (PreviewImporter) -> (artifact id: '418be92b661f9015f6b5b7052fd6fbc0') in 0.0404769 seconds
Number of updated asset objects reloaded before import = 0Number of asset objects unloaded after import = 8

========================================================================
Received Import Request.
  Time since last request: 0.000017 seconds.
  path: Assets/Tanks/Models/Canistre.fbx
  artifactKey: Guid(75d0b68e3fc26a24faaec3a09b70bd98) Importer(815301076,1909f56bfc062723c751e8b465ee728b)
Start importing Assets/Tanks/Models/Canistre.fbx using Guid(75d0b68e3fc26a24faaec3a09b70bd98) Importer(815301076,1909f56bfc062723c751e8b465ee728b) (PreviewImporter) -> (artifact id: '07c65c5994caa63549bc8b54b76df471') in 0.0651055 seconds
Number of updated asset objects reloaded before import = 0Number of asset objects unloaded after import = 8

========================================================================
Received Import Request.
  Time since last request: 0.000022 seconds.
  path: Assets/Tanks/Models/Tank_3.fbx
  artifactKey: Guid(fadcd95ff4524fe4491e36b876841714) Importer(815301076,1909f56bfc062723c751e8b465ee728b)
Start importing Assets/Tanks/Models/Tank_3.fbx using Guid(fadcd95ff4524fe4491e36b876841714) Importer(815301076,1909f56bfc062723c751e8b465ee728b) (PreviewImporter) -> (artifact id: '4536d554c8af1cd6ddfea02005734f9d') in 0.1342882 seconds
Number of updated asset objects reloaded before import = 0Number of asset objects unloaded after import = 15

========================================================================
Received Import Request.
  Time since last request: 0.000023 seconds.
  path: Assets/Tanks/Models/Missile.fbx
  artifactKey: Guid(a50168438fe8afc4fbb3345f6f89e354) Importer(815301076,1909f56bfc062723c751e8b465ee728b)
Start importing Assets/Tanks/Models/Missile.fbx using Guid(a50168438fe8afc4fbb3345f6f89e354) Importer(815301076,1909f56bfc062723c751e8b465ee728b) (PreviewImporter) -> (artifact id: 'd7011f8a4a20579b7547a49c26c0a183') in 0.0523469 seconds
Number of updated asset objects reloaded before import = 0Number of asset objects unloaded after import = 8

========================================================================
Received Import Request.
  Time since last request: 0.000016 seconds.
  path: Assets/Tanks/Models/Coin.fbx
  artifactKey: Guid(203216fc31e138f4d8c51987e99f5f6c) Importer(815301076,1909f56bfc062723c751e8b465ee728b)
Start importing Assets/Tanks/Models/Coin.fbx using Guid(203216fc31e138f4d8c51987e99f5f6c) Importer(815301076,1909f56bfc062723c751e8b465ee728b) (PreviewImporter) -> (artifact id: '214216bc719177655dd01ade8afe047f') in 0.0356347 seconds
Number of updated asset objects reloaded before import = 0Number of asset objects unloaded after import = 8

========================================================================
Received Import Request.
  Time since last request: 0.000020 seconds.
  path: Assets/Tanks/Models/Tank_1.fbx
  artifactKey: Guid(f424ae360f02e26438a1d54b89c05bbe) Importer(815301076,1909f56bfc062723c751e8b465ee728b)
Start importing Assets/Tanks/Models/Tank_1.fbx using Guid(f424ae360f02e26438a1d54b89c05bbe) Importer(815301076,1909f56bfc062723c751e8b465ee728b) (PreviewImporter) -> (artifact id: 'fb49c93c5b2b45809a3798eabe3bb4c7') in 0.0519742 seconds
Number of updated asset objects reloaded before import = 0Number of asset objects unloaded after import = 15

========================================================================
Received Import Request.
  Time since last request: 0.000019 seconds.
  path: Assets/Tanks/Models/Wall_3.fbx
  artifactKey: Guid(ec707e2c8184d134c859820e16dfca0f) Importer(815301076,1909f56bfc062723c751e8b465ee728b)
Start importing Assets/Tanks/Models/Wall_3.fbx using Guid(ec707e2c8184d134c859820e16dfca0f) Importer(815301076,1909f56bfc062723c751e8b465ee728b) (PreviewImporter) -> (artifact id: '4a5f757ff30d56831e0140244a9a0b0e') in 0.0405242 seconds
Number of updated asset objects reloaded before import = 0Number of asset objects unloaded after import = 8

========================================================================
Received Import Request.
  Time since last request: 0.000015 seconds.
  path: Assets/Tanks/Models/Tank_2.fbx
  artifactKey: Guid(a49c69e28c15db84f8b789c66e9915ee) Importer(815301076,1909f56bfc062723c751e8b465ee728b)
Start importing Assets/Tanks/Models/Tank_2.fbx using Guid(a49c69e28c15db84f8b789c66e9915ee) Importer(815301076,1909f56bfc062723c751e8b465ee728b) (PreviewImporter) -> (artifact id: '75da937a7f70f4c97d4b70bcb795e50a') in 0.0624679 seconds
Number of updated asset objects reloaded before import = 0Number of asset objects unloaded after import = 15

========================================================================
Received Import Request.
  Time since last request: 1.443087 seconds.
  path: Assets/Tanks/Prefabs
  artifactKey: Guid(e355854b53785504698d358e98ac5293) Importer(815301076,1909f56bfc062723c751e8b465ee728b)
Start importing Assets/Tanks/Prefabs using Guid(e355854b53785504698d358e98ac5293) Importer(815301076,1909f56bfc062723c751e8b465ee728b) (PreviewImporter) -> (artifact id: 'dc31772be4ce9867d07fcd24a67ab5d4') in 0.0005142 seconds
Number of updated asset objects reloaded before import = 0Number of asset objects unloaded after import = 0

========================================================================
Received Import Request.
  Time since last request: 0.030023 seconds.
  path: Assets/Tanks/Prefabs/Bomb.prefab
  artifactKey: Guid(f2f4577506c656547998ccd6dc209bdc) Importer(815301076,1909f56bfc062723c751e8b465ee728b)
Start importing Assets/Tanks/Prefabs/Bomb.prefab using Guid(f2f4577506c656547998ccd6dc209bdc) Importer(815301076,1909f56bfc062723c751e8b465ee728b) (PreviewImporter) -> (artifact id: '2b4ab97cce6c2e42b49e24f43c3ed65e') in 0.0186396 seconds
Number of updated asset objects reloaded before import = 0Number of asset objects unloaded after import = 11

========================================================================
Received Import Request.
  Time since last request: 0.000024 seconds.
  path: Assets/Tanks/Prefabs/Gun_3.1.prefab
  artifactKey: Guid(33a004ebc65bf1c47a5d88f70eed3e0f) Importer(815301076,1909f56bfc062723c751e8b465ee728b)
Start importing Assets/Tanks/Prefabs/Gun_3.1.prefab using Guid(33a004ebc65bf1c47a5d88f70eed3e0f) Importer(815301076,1909f56bfc062723c751e8b465ee728b) (PreviewImporter) -> (artifact id: 'e6607006cb43a1e94260b37252188b78') in 0.0218118 seconds
Number of updated asset objects reloaded before import = 0Number of asset objects unloaded after import = 16

========================================================================
Received Import Request.
  Time since last request: 0.000021 seconds.
  path: Assets/Tanks/Prefabs/Wall_5.2.prefab
  artifactKey: Guid(98c9b133c9a720040b2a36e099dad8d1) Importer(815301076,1909f56bfc062723c751e8b465ee728b)
Start importing Assets/Tanks/Prefabs/Wall_5.2.prefab using Guid(98c9b133c9a720040b2a36e099dad8d1) Importer(815301076,1909f56bfc062723c751e8b465ee728b) (PreviewImporter) -> (artifact id: 'd622327fadb2324655ec100ef2edbe6f') in 0.0176989 seconds
Number of updated asset objects reloaded before import = 0Number of asset objects unloaded after import = 18

========================================================================
Received Import Request.
  Time since last request: 0.000016 seconds.
  path: Assets/Tanks/Prefabs/Tank_3.1.prefab
  artifactKey: Guid(2a31f2a0fb0e3b34eb1ad3c5c93a8c5e) Importer(815301076,1909f56bfc062723c751e8b465ee728b)
Start importing Assets/Tanks/Prefabs/Tank_3.1.prefab using Guid(2a31f2a0fb0e3b34eb1ad3c5c93a8c5e) Importer(815301076,1909f56bfc062723c751e8b465ee728b) (PreviewImporter) -> (artifact id: '26c0414258b60cd0a7a10a9b4463d93e') in 0.0170281 seconds
Number of updated asset objects reloaded before import = 0Number of asset objects unloaded after import = 16

========================================================================
Received Import Request.
  Time since last request: 0.000024 seconds.
  path: Assets/Tanks/Prefabs/Gun_4.1.prefab
  artifactKey: Guid(b9fe5ac8a936e224cad916def414ed8e) Importer(815301076,1909f56bfc062723c751e8b465ee728b)
Start importing Assets/Tanks/Prefabs/Gun_4.1.prefab using Guid(b9fe5ac8a936e224cad916def414ed8e) Importer(815301076,1909f56bfc062723c751e8b465ee728b) (PreviewImporter) -> (artifact id: '57bdd1b76585210c8c3553814fccd838') in 0.0187383 seconds
Number of updated asset objects reloaded before import = 0Number of asset objects unloaded after import = 16

========================================================================
Received Import Request.
  Time since last request: 0.000021 seconds.
  path: Assets/Tanks/Prefabs/Tank_1.2.prefab
  artifactKey: Guid(5173621fbf565104c840a7687e308a8a) Importer(815301076,1909f56bfc062723c751e8b465ee728b)
Start importing Assets/Tanks/Prefabs/Tank_1.2.prefab using Guid(5173621fbf565104c840a7687e308a8a) Importer(815301076,1909f56bfc062723c751e8b465ee728b) (PreviewImporter) -> (artifact id: 'f8f4a1395db2363b9e76d2b390769c78') in 0.0172088 seconds
Number of updated asset objects reloaded before import = 0Number of asset objects unloaded after import = 31

========================================================================
Received Import Request.
  Time since last request: 0.000023 seconds.
  path: Assets/Tanks/Prefabs/Tank_2.2.prefab
  artifactKey: Guid(2932da63a7391f441912370df23437e5) Importer(815301076,1909f56bfc062723c751e8b465ee728b)
Start importing Assets/Tanks/Prefabs/Tank_2.2.prefab using Guid(2932da63a7391f441912370df23437e5) Importer(815301076,1909f56bfc062723c751e8b465ee728b) (PreviewImporter) -> (artifact id: 'ebf32c9315856e214988373558bc2b9e') in 0.0185073 seconds
Number of updated asset objects reloaded before import = 0Number of asset objects unloaded after import = 31

========================================================================
Received Import Request.
  Time since last request: 0.000019 seconds.
  path: Assets/Tanks/Prefabs/Tank_4.1.prefab
  artifactKey: Guid(85e733c4ff4f87b4c8a2e2f78f63c110) Importer(815301076,1909f56bfc062723c751e8b465ee728b)
Start importing Assets/Tanks/Prefabs/Tank_4.1.prefab using Guid(85e733c4ff4f87b4c8a2e2f78f63c110) Importer(815301076,1909f56bfc062723c751e8b465ee728b) (PreviewImporter) -> (artifact id: 'adfdf9309910ab3febd0cddd75a4899b') in 0.0174956 seconds
Number of updated asset objects reloaded before import = 0Number of asset objects unloaded after import = 16

========================================================================
Received Import Request.
  Time since last request: 0.000019 seconds.
  path: Assets/Tanks/Prefabs/Gun_5.1.prefab
  artifactKey: Guid(5b831178239e74c49ae58a391f27a589) Importer(815301076,1909f56bfc062723c751e8b465ee728b)
Start importing Assets/Tanks/Prefabs/Gun_5.1.prefab using Guid(5b831178239e74c49ae58a391f27a589) Importer(815301076,1909f56bfc062723c751e8b465ee728b) (PreviewImporter) -> (artifact id: '046b8df038e703b6e2c0e28cf79aa715') in 0.0180699 seconds
Number of updated asset objects reloaded before import = 0Number of asset objects unloaded after import = 16

========================================================================
Received Import Request.
  Time since last request: 0.000033 seconds.
  path: Assets/Tanks/Prefabs/Lift_1.2.prefab
  artifactKey: Guid(5eb52a0973804d54c9441a0dfca25d4e) Importer(815301076,1909f56bfc062723c751e8b465ee728b)
Start importing Assets/Tanks/Prefabs/Lift_1.2.prefab using Guid(5eb52a0973804d54c9441a0dfca25d4e) Importer(815301076,1909f56bfc062723c751e8b465ee728b) (PreviewImporter) -> (artifact id: '4a0ed999d84f63e24b259449cff2d348') in 0.0169503 seconds
Number of updated asset objects reloaded before import = 0Number of asset objects unloaded after import = 18

========================================================================
Received Import Request.
  Time since last request: 0.000033 seconds.
  path: Assets/Tanks/Prefabs/Coin.prefab
  artifactKey: Guid(2c98a8545b0078846a56cfa3ad1c159b) Importer(815301076,1909f56bfc062723c751e8b465ee728b)
Start importing Assets/Tanks/Prefabs/Coin.prefab using Guid(2c98a8545b0078846a56cfa3ad1c159b) Importer(815301076,1909f56bfc062723c751e8b465ee728b) (PreviewImporter) -> (artifact id: '72ed9c23ed1de308bee534a1f0fc17ba') in 0.0179287 seconds
Number of updated asset objects reloaded before import = 0Number of asset objects unloaded after import = 11

========================================================================
Received Import Request.
  Time since last request: 0.000021 seconds.
  path: Assets/Tanks/Prefabs/Gun_4.2.prefab
  artifactKey: Guid(34ee9ed777c213247ad2792ad655ad9a) Importer(815301076,1909f56bfc062723c751e8b465ee728b)
Start importing Assets/Tanks/Prefabs/Gun_4.2.prefab using Guid(34ee9ed777c213247ad2792ad655ad9a) Importer(815301076,1909f56bfc062723c751e8b465ee728b) (PreviewImporter) -> (artifact id: '48cfeeb73bcc7d8e5876689b741eff40') in 0.0177222 seconds
Number of updated asset objects reloaded before import = 0Number of asset objects unloaded after import = 31

========================================================================
Received Import Request.
  Time since last request: 0.000020 seconds.
  path: Assets/Tanks/Prefabs/Gun_2.2.prefab
  artifactKey: Guid(2fb9ca4dd02037547bd8a43d2f2b0768) Importer(815301076,1909f56bfc062723c751e8b465ee728b)
Start importing Assets/Tanks/Prefabs/Gun_2.2.prefab using Guid(2fb9ca4dd02037547bd8a43d2f2b0768) Importer(815301076,1909f56bfc062723c751e8b465ee728b) (PreviewImporter) -> (artifact id: '26a82cf48c2502556983e49c41afe247') in 0.0193908 seconds
Number of updated asset objects reloaded before import = 0Number of asset objects unloaded after import = 31

========================================================================
Received Import Request.
  Time since last request: 0.000014 seconds.
  path: Assets/Tanks/Prefabs/Wall_3.1.prefab
  artifactKey: Guid(06b96989d3d60744b87a2154ae9d3a8f) Importer(815301076,1909f56bfc062723c751e8b465ee728b)
Start importing Assets/Tanks/Prefabs/Wall_3.1.prefab using Guid(06b96989d3d60744b87a2154ae9d3a8f) Importer(815301076,1909f56bfc062723c751e8b465ee728b) (PreviewImporter) -> (artifact id: '6855a7faccc5a21b9926703e7243e46a') in 0.0192075 seconds
Number of updated asset objects reloaded before import = 0Number of asset objects unloaded after import = 11

========================================================================
Received Import Request.
  Time since last request: 0.000015 seconds.
  path: Assets/Tanks/Prefabs/Wall_1.1.prefab
  artifactKey: Guid(3948b257222108c48bff3ce41f25cd9d) Importer(815301076,1909f56bfc062723c751e8b465ee728b)
Start importing Assets/Tanks/Prefabs/Wall_1.1.prefab using Guid(3948b257222108c48bff3ce41f25cd9d) Importer(815301076,1909f56bfc062723c751e8b465ee728b) (PreviewImporter) -> (artifact id: '5bfac3bdfdedd973a446ee0b354d9a8b') in 0.0186656 seconds
Number of updated asset objects reloaded before import = 0Number of asset objects unloaded after import = 11

========================================================================
Received Import Request.
  Time since last request: 0.000019 seconds.
  path: Assets/Tanks/Prefabs/Tank_2.1.prefab
  artifactKey: Guid(351c7abe6b414e84cb10982785dc1480) Importer(815301076,1909f56bfc062723c751e8b465ee728b)
Start importing Assets/Tanks/Prefabs/Tank_2.1.prefab using Guid(351c7abe6b414e84cb10982785dc1480) Importer(815301076,1909f56bfc062723c751e8b465ee728b) (PreviewImporter) -> (artifact id: '8d972acfbbfc5f1bfaf0c98a1e2ff580') in 0.0194538 seconds
Number of updated asset objects reloaded before import = 0Number of asset objects unloaded after import = 16

========================================================================
Received Import Request.
  Time since last request: 0.000020 seconds.
  path: Assets/Tanks/Prefabs/Wall_1.2.prefab
  artifactKey: Guid(1cfa5805aedc78444bb9d2ea79aa8f7c) Importer(815301076,1909f56bfc062723c751e8b465ee728b)
Start importing Assets/Tanks/Prefabs/Wall_1.2.prefab using Guid(1cfa5805aedc78444bb9d2ea79aa8f7c) Importer(815301076,1909f56bfc062723c751e8b465ee728b) (PreviewImporter) -> (artifact id: '1183dfb6ad050193210759f1a576f722') in 0.0190476 seconds
Number of updated asset objects reloaded before import = 0Number of asset objects unloaded after import = 18

========================================================================
Received Import Request.
  Time since last request: 0.000016 seconds.
  path: Assets/Tanks/Prefabs/Star.prefab
  artifactKey: Guid(1037406e2785d5e4080af564ebefc663) Importer(815301076,1909f56bfc062723c751e8b465ee728b)
Start importing Assets/Tanks/Prefabs/Star.prefab using Guid(1037406e2785d5e4080af564ebefc663) Importer(815301076,1909f56bfc062723c751e8b465ee728b) (PreviewImporter) -> (artifact id: 'c37f52ced1390c7a950508b0aea54f50') in 0.0190784 seconds
Number of updated asset objects reloaded before import = 0Number of asset objects unloaded after import = 11

========================================================================
Received Import Request.
  Time since last request: 0.000020 seconds.
  path: Assets/Tanks/Prefabs/Wall_2.1.prefab
  artifactKey: Guid(69d505b95d7dfaa41813d7c76a4f4658) Importer(815301076,1909f56bfc062723c751e8b465ee728b)
Start importing Assets/Tanks/Prefabs/Wall_2.1.prefab using Guid(69d505b95d7dfaa41813d7c76a4f4658) Importer(815301076,1909f56bfc062723c751e8b465ee728b) (PreviewImporter) -> (artifact id: '2e73f9f8a800c1b4da87cf15c15dcc0f') in 0.0198623 seconds
Number of updated asset objects reloaded before import = 0Number of asset objects unloaded after import = 11

========================================================================
Received Import Request.
  Time since last request: 0.000020 seconds.
  path: Assets/Tanks/Prefabs/Gun_1.2.prefab
  artifactKey: Guid(7fe3dfc6b215fc649ae8fe57457680a4) Importer(815301076,1909f56bfc062723c751e8b465ee728b)
Start importing Assets/Tanks/Prefabs/Gun_1.2.prefab using Guid(7fe3dfc6b215fc649ae8fe57457680a4) Importer(815301076,1909f56bfc062723c751e8b465ee728b) (PreviewImporter) -> (artifact id: '5003c3a4c5b6d5549ff170264c0a6a43') in 0.0214357 seconds
Number of updated asset objects reloaded before import = 0Number of asset objects unloaded after import = 31

========================================================================
Received Import Request.
  Time since last request: 0.000024 seconds.
  path: Assets/Tanks/Prefabs/Diamond.prefab
  artifactKey: Guid(4f4e387729a9eaf40ab2ce803def9b4e) Importer(815301076,1909f56bfc062723c751e8b465ee728b)
Start importing Assets/Tanks/Prefabs/Diamond.prefab using Guid(4f4e387729a9eaf40ab2ce803def9b4e) Importer(815301076,1909f56bfc062723c751e8b465ee728b) (PreviewImporter) -> (artifact id: '226645b117c63fcd40243f08ec731ec2') in 0.0201025 seconds
Number of updated asset objects reloaded before import = 0Number of asset objects unloaded after import = 11

========================================================================
Received Import Request.
  Time since last request: 0.000017 seconds.
  path: Assets/Tanks/Prefabs/Gun_1.1.prefab
  artifactKey: Guid(f21cf6d155592f24c8593f28e10de708) Importer(815301076,1909f56bfc062723c751e8b465ee728b)
Start importing Assets/Tanks/Prefabs/Gun_1.1.prefab using Guid(f21cf6d155592f24c8593f28e10de708) Importer(815301076,1909f56bfc062723c751e8b465ee728b) (PreviewImporter) -> (artifact id: 'a448750fd4553e5a74338fed9f298a9e') in 0.0195353 seconds
Number of updated asset objects reloaded before import = 0Number of asset objects unloaded after import = 16

========================================================================
Received Import Request.
  Time since last request: 0.000038 seconds.
  path: Assets/Tanks/Prefabs/Land_2.1.prefab
  artifactKey: Guid(bd164a522ea13dd4cb8c0b4a89dcf173) Importer(815301076,1909f56bfc062723c751e8b465ee728b)
Start importing Assets/Tanks/Prefabs/Land_2.1.prefab using Guid(bd164a522ea13dd4cb8c0b4a89dcf173) Importer(815301076,1909f56bfc062723c751e8b465ee728b) (PreviewImporter) -> (artifact id: 'b9ef93afe387242e252334b8d27a10ab') in 0.0201262 seconds
Number of updated asset objects reloaded before import = 0Number of asset objects unloaded after import = 9

========================================================================
Received Import Request.
  Time since last request: 29.084962 seconds.
  path: Assets/Cartoon_Tank_Free/CTF_Prefabs/TankFree_Green.prefab
  artifactKey: Guid(997823ade0e2fc249a876fa159f69cc3) Importer(815301076,1909f56bfc062723c751e8b465ee728b)
Start importing Assets/Cartoon_Tank_Free/CTF_Prefabs/TankFree_Green.prefab using Guid(997823ade0e2fc249a876fa159f69cc3) Importer(815301076,1909f56bfc062723c751e8b465ee728b) (PreviewImporter) -> (artifact id: '10ad334ce0bb92b958905b3434a8f9b8') in 0.2332281 seconds
Number of updated asset objects reloaded before import = 0Number of asset objects unloaded after import = 42

========================================================================
Received Import Request.
  Time since last request: 0.000022 seconds.
  path: Assets/Cartoon_Tank_Free/CTF_Prefabs/СTF_Box_Red.prefab
  artifactKey: Guid(b53c2190eca85cd47aeb3a61670aad48) Importer(815301076,1909f56bfc062723c751e8b465ee728b)
Start importing Assets/Cartoon_Tank_Free/CTF_Prefabs/СTF_Box_Red.prefab using Guid(b53c2190eca85cd47aeb3a61670aad48) Importer(815301076,1909f56bfc062723c751e8b465ee728b) (PreviewImporter) -> (artifact id: '89abc53a1362f0b7a29359b0b40aa0d8') in 0.1290082 seconds
Number of updated asset objects reloaded before import = 0Number of asset objects unloaded after import = 11

========================================================================
Received Import Request.
  Time since last request: 0.000035 seconds.
  path: Assets/Cartoon_Tank_Free/CTF_Prefabs/СTF_Mine_Green.prefab
  artifactKey: Guid(54bb213667eda734b98bef43a3ff6c93) Importer(815301076,1909f56bfc062723c751e8b465ee728b)
Start importing Assets/Cartoon_Tank_Free/CTF_Prefabs/СTF_Mine_Green.prefab using Guid(54bb213667eda734b98bef43a3ff6c93) Importer(815301076,1909f56bfc062723c751e8b465ee728b) (PreviewImporter) -> (artifact id: 'fcb79a940175b6eaf1ab9f0f572dfc96') in 0.0358385 seconds
Number of updated asset objects reloaded before import = 0Number of asset objects unloaded after import = 11

========================================================================
Received Import Request.
  Time since last request: 0.000024 seconds.
  path: Assets/Cartoon_Tank_Free/CTF_Prefabs/СTF_Missile_Yel.prefab
  artifactKey: Guid(ebc8ef3e1eaa76c44aacba4e5ec67bf4) Importer(815301076,1909f56bfc062723c751e8b465ee728b)
Start importing Assets/Cartoon_Tank_Free/CTF_Prefabs/СTF_Missile_Yel.prefab using Guid(ebc8ef3e1eaa76c44aacba4e5ec67bf4) Importer(815301076,1909f56bfc062723c751e8b465ee728b) (PreviewImporter) -> (artifact id: '9b186aa1b4086967cd1c3f63a84d1415') in 0.0569918 seconds
Number of updated asset objects reloaded before import = 0Number of asset objects unloaded after import = 11

========================================================================
Received Import Request.
  Time since last request: 0.000022 seconds.
  path: Assets/Cartoon_Tank_Free/CTF_Prefabs/СTF_Missile_Red.prefab
  artifactKey: Guid(08338119ba0c943449889713a3e36f21) Importer(815301076,1909f56bfc062723c751e8b465ee728b)
Start importing Assets/Cartoon_Tank_Free/CTF_Prefabs/СTF_Missile_Red.prefab using Guid(08338119ba0c943449889713a3e36f21) Importer(815301076,1909f56bfc062723c751e8b465ee728b) (PreviewImporter) -> (artifact id: 'a3ab7c217ac622557b5154b8bf8fc1c0') in 0.0228182 seconds
Number of updated asset objects reloaded before import = 0Number of asset objects unloaded after import = 11

========================================================================
Received Import Request.
  Time since last request: 0.000019 seconds.
  path: Assets/Cartoon_Tank_Free/CTF_Prefabs/СTF_Mine_Red.prefab
  artifactKey: Guid(490f0ac7897da974780edf3173c56f0b) Importer(815301076,1909f56bfc062723c751e8b465ee728b)
Start importing Assets/Cartoon_Tank_Free/CTF_Prefabs/СTF_Mine_Red.prefab using Guid(490f0ac7897da974780edf3173c56f0b) Importer(815301076,1909f56bfc062723c751e8b465ee728b) (PreviewImporter) -> (artifact id: '4766022520da2adab4941e986c496292') in 0.0289344 seconds
Number of updated asset objects reloaded before import = 0Number of asset objects unloaded after import = 11

========================================================================
Received Import Request.
  Time since last request: 0.000030 seconds.
  path: Assets/Cartoon_Tank_Free/CTF_Prefabs/СTF_Box_Cap_Green.prefab
  artifactKey: Guid(73977462fbd842d4e84221bc14cf5828) Importer(815301076,1909f56bfc062723c751e8b465ee728b)
Start importing Assets/Cartoon_Tank_Free/CTF_Prefabs/СTF_Box_Cap_Green.prefab using Guid(73977462fbd842d4e84221bc14cf5828) Importer(815301076,1909f56bfc062723c751e8b465ee728b) (PreviewImporter) -> (artifact id: '23f778360bcbc7d8acbbc15fb41a8c1d') in 0.0293202 seconds
Number of updated asset objects reloaded before import = 0Number of asset objects unloaded after import = 11

Editor requested this worker to shutdown with reason: Scaling down because of idle timeout
AssetImportWorker is now disconnected from the server
Process exiting
Exiting without the bug reporter. Application will terminate with return code 0